c:\users\takum\documents\github\hewproject2023\hewproject\hewproject\x64\debug\vc143.pdb
c:\users\takum\documents\github\hewproject2023\hewproject\hewproject\x64\debug\vc143.idb
c:\users\takum\documents\github\hewproject2023\hewproject\hewproject\x64\debug\wictextureloader.obj
c:\users\takum\documents\github\hewproject2023\hewproject\hewproject\x64\debug\direct3d.obj
c:\users\takum\documents\github\hewproject2023\hewproject\hewproject\x64\debug\cobject.obj
c:\users\takum\documents\github\hewproject2023\hewproject\hewproject\x64\debug\cinput.obj
c:\users\takum\documents\github\hewproject2023\hewproject\hewproject\x64\debug\canimation.obj
c:\users\takum\documents\github\hewproject2023\hewproject\hewproject\x64\debug\main.obj
c:\users\takum\documents\github\hewproject2023\hewproject\hewproject\x64\debug\ctest.obj
c:\users\takum\documents\github\hewproject2023\hewproject\hewproject\x64\debug\cscenemanager.obj
c:\users\takum\documents\github\hewproject2023\hewproject\hewproject\x64\debug\ccamera.obj
c:\users\takum\documents\github\hewproject2023\hewproject\hewproject\x64\debug\cscene.obj
c:\users\takum\documents\github\hewproject2023\hewproject\x64\debug\pixelshader.cso
c:\users\takum\documents\github\hewproject2023\hewproject\x64\debug\vertexshader.cso
c:\users\takum\documents\github\hewproject2023\hewproject\x64\debug\hewproject.exe
c:\users\takum\documents\github\hewproject2023\hewproject\hewproject\x64\debug\hewproject.ilk
c:\users\takum\documents\github\hewproject2023\hewproject\x64\debug\hewproject.pdb
c:\users\takum\documents\github\hewproject2023\hewproject\hewproject\x64\debug\hewproject.tlog\cl.command.1.tlog
c:\users\takum\documents\github\hewproject2023\hewproject\hewproject\x64\debug\hewproject.tlog\cl.read.1.tlog
c:\users\takum\documents\github\hewproject2023\hewproject\hewproject\x64\debug\hewproject.tlog\cl.write.1.tlog
c:\users\takum\documents\github\hewproject2023\hewproject\hewproject\x64\debug\hewproject.tlog\fxc.command.1.tlog
c:\users\takum\documents\github\hewproject2023\hewproject\hewproject\x64\debug\hewproject.tlog\fxc.read.1.tlog
c:\users\takum\documents\github\hewproject2023\hewproject\hewproject\x64\debug\hewproject.tlog\fxc.write.1.tlog
c:\users\takum\documents\github\hewproject2023\hewproject\hewproject\x64\debug\hewproject.tlog\link.command.1.tlog
c:\users\takum\documents\github\hewproject2023\hewproject\hewproject\x64\debug\hewproject.tlog\link.read.1.tlog
c:\users\takum\documents\github\hewproject2023\hewproject\hewproject\x64\debug\hewproject.tlog\link.write.1.tlog
